# JRE version: OpenJDK Runtime Environment (17.0.6) (build 17.0.6+0-b2043.56-10027231)
# Java VM: OpenJDK 64-Bit Server VM (17.0.6+0-b2043.56-10027231, mixed mode, tiered, compressed oops, compressed class ptrs, g1 gc, windows-amd64)
GC Precious Log:
 CPUs: 4 total, 4 available
 Memory: 3971M
 Large Page Support: Disabled
 NUMA Support: Disabled
 Compressed Oops: Enabled (32-bit)
 Heap Region Size: 1M
 Heap Min Capacity: 8M
 Heap Initial Capacity: 64M
 Heap Max Capacity: 2G
 Pre-touch: Disabled
 Parallel Workers: 4
 Concurrent Workers: 1
 Concurrent Refinement Workers: 4
 Periodic GC: Disabled
Heap:
 garbage-first heap   total 412672K, used 210210K [0x0000000080000000, 0x0000000100000000)
  region size 1024K, 44 young (45056K), 20 survivors (20480K)
 Metaspace       used 102377K, committed 103232K, reserved 1138688K
  class space    used 13932K, committed 14336K, reserved 1048576K
GC Heap History (20 events):
Event: 25.696 GC heap before
{Heap before GC invocations=41 (full 0):
 garbage-first heap   total 215040K, used 172834K [0x0000000080000000, 0x0000000100000000)
  region size 1024K, 68 young (69632K), 6 survivors (6144K)
 Metaspace       used 88511K, committed 89280K, reserved 1130496K
  class space    used 12099K, committed 12480K, reserved 1048576K
}
Event: 25.715 GC heap after
{Heap after GC invocations=42 (full 0):
 garbage-first heap   total 215040K, used 113886K [0x0000000080000000, 0x0000000100000000)
  region size 1024K, 5 young (5120K), 5 survivors (5120K)
 Metaspace       used 88511K, committed 89280K, reserved 1130496K
  class space    used 12099K, committed 12480K, reserved 1048576K
}
Event: 26.232 GC heap before
{Heap before GC invocations=42 (full 0):
 garbage-first heap   total 215040K, used 146654K [0x0000000080000000, 0x0000000100000000)
  region size 1024K, 19 young (19456K), 5 survivors (5120K)
 Metaspace       used 90092K, committed 90880K, reserved 1130496K
  class space    used 12310K, committed 12672K, reserved 1048576K
}
Event: 26.245 GC heap after
{Heap after GC invocations=43 (full 0):
 garbage-first heap   total 215040K, used 137591K [0x0000000080000000, 0x0000000100000000)
  region size 1024K, 8 young (8192K), 8 survivors (8192K)
 Metaspace       used 90092K, committed 90880K, reserved 1130496K
  class space    used 12310K, committed 12672K, reserved 1048576K
}
Event: 28.784 GC heap before
{Heap before GC invocations=44 (full 0):
 garbage-first heap   total 242688K, used 178551K [0x0000000080000000, 0x0000000100000000)
  region size 1024K, 47 young (48128K), 8 survivors (8192K)
 Metaspace       used 93265K, committed 93952K, reserved 1130496K
  class space    used 12792K, committed 13120K, reserved 1048576K
}
Event: 28.827 GC heap after
{Heap after GC invocations=45 (full 0):
 garbage-first heap   total 242688K, used 144311K [0x0000000080000000, 0x0000000100000000)
  region size 1024K, 6 young (6144K), 6 survivors (6144K)
 Metaspace       used 93265K, committed 93952K, reserved 1130496K
  class space    used 12792K, committed 13120K, reserved 1048576K
}
Event: 28.898 GC heap before
{Heap before GC invocations=45 (full 0):
 garbage-first heap   total 242688K, used 149431K [0x0000000080000000, 0x0000000100000000)
  region size 1024K, 11 young (11264K), 6 survivors (6144K)
 Metaspace       used 93284K, committed 94016K, reserved 1130496K
  class space    used 12794K, committed 13184K, reserved 1048576K
}
Event: 28.909 GC heap after
{Heap after GC invocations=46 (full 0):
 garbage-first heap   total 242688K, used 144164K [0x0000000080000000, 0x0000000100000000)
  region size 1024K, 1 young (1024K), 1 survivors (1024K)
 Metaspace       used 93284K, committed 94016K, reserved 1130496K
  class space    used 12794K, committed 13184K, reserved 1048576K
}
Event: 29.639 GC heap before
{Heap before GC invocations=46 (full 0):
 garbage-first heap   total 242688K, used 196388K [0x0000000080000000, 0x0000000100000000)
  region size 1024K, 49 young (50176K), 1 survivors (1024K)
 Metaspace       used 94474K, committed 95232K, reserved 1138688K
  class space    used 12960K, committed 13312K, reserved 1048576K
}
Event: 29.659 GC heap after
{Heap after GC invocations=47 (full 0):
 garbage-first heap   total 242688K, used 159573K [0x0000000080000000, 0x0000000100000000)
  region size 1024K, 7 young (7168K), 7 survivors (7168K)
 Metaspace       used 94474K, committed 95232K, reserved 1138688K
  class space    used 12960K, committed 13312K, reserved 1048576K
}
Event: 30.428 GC heap before
{Heap before GC invocations=47 (full 0):
 garbage-first heap   total 242688K, used 197461K [0x0000000080000000, 0x0000000100000000)
  region size 1024K, 44 young (45056K), 7 survivors (7168K)
 Metaspace       used 94495K, committed 95232K, reserved 1138688K
  class space    used 12960K, committed 13312K, reserved 1048576K
}
Event: 30.452 GC heap after
{Heap after GC invocations=48 (full 0):
 garbage-first heap   total 412672K, used 165747K [0x0000000080000000, 0x0000000100000000)
  region size 1024K, 6 young (6144K), 6 survivors (6144K)
 Metaspace       used 94495K, committed 95232K, reserved 1138688K
  class space    used 12960K, committed 13312K, reserved 1048576K
}
Event: 32.321 GC heap before
{Heap before GC invocations=48 (full 0):
 garbage-first heap   total 412672K, used 278387K [0x0000000080000000, 0x0000000100000000)
  region size 1024K, 116 young (118784K), 6 survivors (6144K)
 Metaspace       used 94504K, committed 95232K, reserved 1138688K
  class space    used 12962K, committed 13312K, reserved 1048576K
}
Event: 32.345 GC heap after
{Heap after GC invocations=49 (full 0):
 garbage-first heap   total 412672K, used 168684K [0x0000000080000000, 0x0000000100000000)
  region size 1024K, 9 young (9216K), 9 survivors (9216K)
 Metaspace       used 94504K, committed 95232K, reserved 1138688K
  class space    used 12962K, committed 13312K, reserved 1048576K
}
Event: 36.391 GC heap before
{Heap before GC invocations=49 (full 0):
 garbage-first heap   total 412672K, used 323308K [0x0000000080000000, 0x0000000100000000)
  region size 1024K, 160 young (163840K), 9 survivors (9216K)
 Metaspace       used 94507K, committed 95232K, reserved 1138688K
  class space    used 12962K, committed 13312K, reserved 1048576K
}
Event: 36.409 GC heap after
{Heap after GC invocations=50 (full 0):
 garbage-first heap   total 412672K, used 172278K [0x0000000080000000, 0x0000000100000000)
  region size 1024K, 13 young (13312K), 13 survivors (13312K)
 Metaspace       used 94507K, committed 95232K, reserved 1138688K
  class space    used 12962K, committed 13312K, reserved 1048576K
}
Event: 38.438 GC heap before
{Heap before GC invocations=50 (full 0):
 garbage-first heap   total 412672K, used 328950K [0x0000000080000000, 0x0000000100000000)
  region size 1024K, 166 young (169984K), 13 survivors (13312K)
 Metaspace       used 94507K, committed 95232K, reserved 1138688K
  class space    used 12962K, committed 13312K, reserved 1048576K
}
Event: 38.465 GC heap after
{Heap after GC invocations=51 (full 0):
 garbage-first heap   total 412672K, used 176225K [0x0000000080000000, 0x0000000100000000)
  region size 1024K, 12 young (12288K), 12 survivors (12288K)
 Metaspace       used 94507K, committed 95232K, reserved 1138688K
  class space    used 12962K, committed 13312K, reserved 1048576K
}
Event: 43.287 GC heap before
{Heap before GC invocations=51 (full 0):
 garbage-first heap   total 412672K, used 351329K [0x0000000080000000, 0x0000000100000000)
  region size 1024K, 167 young (171008K), 12 survivors (12288K)
 Metaspace       used 98509K, committed 99328K, reserved 1138688K
  class space    used 13408K, committed 13760K, reserved 1048576K
}
Event: 43.344 GC heap after
{Heap after GC invocations=52 (full 0):
 garbage-first heap   total 412672K, used 186658K [0x0000000080000000, 0x0000000100000000)
  region size 1024K, 20 young (20480K), 20 survivors (20480K)
 Metaspace       used 98509K, committed 99328K, reserved 1138688K
  class space    used 13408K, committed 13760K, reserved 1048576K
}

