# JRE version: OpenJDK Runtime Environment (17.0.6) (build 17.0.6+0-b2043.56-10027231)
# Java VM: OpenJDK 64-Bit Server VM (17.0.6+0-b2043.56-10027231, mixed mode, tiered, compressed oops, compressed class ptrs, g1 gc, windows-amd64)
GC Precious Log:
 CPUs: 4 total, 4 available
 Memory: 3971M
 Large Page Support: Disabled
 NUMA Support: Disabled
 Compressed Oops: Enabled (32-bit)
 Heap Region Size: 1M
 Heap Min Capacity: 8M
 Heap Initial Capacity: 64M
 Heap Max Capacity: 994M
 Pre-touch: Disabled
 Parallel Workers: 4
 Concurrent Workers: 1
 Concurrent Refinement Workers: 4
 Periodic GC: Disabled
Heap:
 garbage-first heap   total 120832K, used 71182K [0x00000000c1e00000, 0x0000000100000000)
  region size 1024K, 6 young (6144K), 2 survivors (2048K)
 Metaspace       used 82407K, committed 82688K, reserved 1130496K
  class space    used 9456K, committed 9600K, reserved 1048576K
GC Heap History (20 events):
Event: 22.013 GC heap before
{Heap before GC invocations=19 (full 0):
 garbage-first heap   total 116736K, used 84161K [0x00000000c1e00000, 0x0000000100000000)
  region size 1024K, 52 young (53248K), 1 survivors (1024K)
 Metaspace       used 55802K, committed 56064K, reserved 1105920K
  class space    used 6615K, committed 6720K, reserved 1048576K
}
Event: 22.044 GC heap after
{Heap after GC invocations=20 (full 0):
 garbage-first heap   total 116736K, used 38964K [0x00000000c1e00000, 0x0000000100000000)
  region size 1024K, 7 young (7168K), 7 survivors (7168K)
 Metaspace       used 55802K, committed 56064K, reserved 1105920K
  class space    used 6615K, committed 6720K, reserved 1048576K
}
Event: 22.123 GC heap before
{Heap before GC invocations=20 (full 0):
 garbage-first heap   total 116736K, used 39988K [0x00000000c1e00000, 0x0000000100000000)
  region size 1024K, 8 young (8192K), 7 survivors (7168K)
 Metaspace       used 55839K, committed 56064K, reserved 1105920K
  class space    used 6615K, committed 6720K, reserved 1048576K
}
Event: 22.144 GC heap after
{Heap after GC invocations=21 (full 0):
 garbage-first heap   total 116736K, used 39064K [0x00000000c1e00000, 0x0000000100000000)
  region size 1024K, 1 young (1024K), 1 survivors (1024K)
 Metaspace       used 55839K, committed 56064K, reserved 1105920K
  class space    used 6615K, committed 6720K, reserved 1048576K
}
Event: 23.762 GC heap before
{Heap before GC invocations=21 (full 0):
 garbage-first heap   total 116736K, used 84120K [0x00000000c1e00000, 0x0000000100000000)
  region size 1024K, 45 young (46080K), 1 survivors (1024K)
 Metaspace       used 57255K, committed 57408K, reserved 1105920K
  class space    used 6781K, committed 6848K, reserved 1048576K
}
Event: 23.786 GC heap after
{Heap after GC invocations=22 (full 0):
 garbage-first heap   total 116736K, used 45472K [0x00000000c1e00000, 0x0000000100000000)
  region size 1024K, 6 young (6144K), 6 survivors (6144K)
 Metaspace       used 57255K, committed 57408K, reserved 1105920K
  class space    used 6781K, committed 6848K, reserved 1048576K
}
Event: 26.494 GC heap before
{Heap before GC invocations=22 (full 0):
 garbage-first heap   total 116736K, used 85408K [0x00000000c1e00000, 0x0000000100000000)
  region size 1024K, 45 young (46080K), 6 survivors (6144K)
 Metaspace       used 63729K, committed 64064K, reserved 1105920K
  class space    used 7648K, committed 7808K, reserved 1048576K
}
Event: 26.529 GC heap after
{Heap after GC invocations=23 (full 0):
 garbage-first heap   total 116736K, used 50564K [0x00000000c1e00000, 0x0000000100000000)
  region size 1024K, 5 young (5120K), 5 survivors (5120K)
 Metaspace       used 63729K, committed 64064K, reserved 1105920K
  class space    used 7648K, committed 7808K, reserved 1048576K
}
Event: 29.344 GC heap before
{Heap before GC invocations=23 (full 0):
 garbage-first heap   total 116736K, used 89476K [0x00000000c1e00000, 0x0000000100000000)
  region size 1024K, 42 young (43008K), 5 survivors (5120K)
 Metaspace       used 66330K, committed 66624K, reserved 1114112K
  class space    used 7850K, committed 8000K, reserved 1048576K
}
Event: 29.374 GC heap after
{Heap after GC invocations=24 (full 0):
 garbage-first heap   total 116736K, used 56725K [0x00000000c1e00000, 0x0000000100000000)
  region size 1024K, 6 young (6144K), 6 survivors (6144K)
 Metaspace       used 66330K, committed 66624K, reserved 1114112K
  class space    used 7850K, committed 8000K, reserved 1048576K
}
Event: 31.385 GC heap before
{Heap before GC invocations=24 (full 0):
 garbage-first heap   total 116736K, used 89493K [0x00000000c1e00000, 0x0000000100000000)
  region size 1024K, 38 young (38912K), 6 survivors (6144K)
 Metaspace       used 71690K, committed 72000K, reserved 1114112K
  class space    used 8386K, committed 8512K, reserved 1048576K
}
Event: 31.415 GC heap after
{Heap after GC invocations=25 (full 0):
 garbage-first heap   total 116736K, used 60188K [0x00000000c1e00000, 0x0000000100000000)
  region size 1024K, 4 young (4096K), 4 survivors (4096K)
 Metaspace       used 71690K, committed 72000K, reserved 1114112K
  class space    used 8386K, committed 8512K, reserved 1048576K
}
Event: 33.578 GC heap before
{Heap before GC invocations=25 (full 0):
 garbage-first heap   total 116736K, used 90908K [0x00000000c1e00000, 0x0000000100000000)
  region size 1024K, 34 young (34816K), 4 survivors (4096K)
 Metaspace       used 75946K, committed 76224K, reserved 1122304K
  class space    used 8821K, committed 8960K, reserved 1048576K
}
Event: 33.607 GC heap after
{Heap after GC invocations=26 (full 0):
 garbage-first heap   total 116736K, used 64108K [0x00000000c1e00000, 0x0000000100000000)
  region size 1024K, 4 young (4096K), 4 survivors (4096K)
 Metaspace       used 75946K, committed 76224K, reserved 1122304K
  class space    used 8821K, committed 8960K, reserved 1048576K
}
Event: 34.612 GC heap before
{Heap before GC invocations=27 (full 0):
 garbage-first heap   total 116736K, used 91756K [0x00000000c1e00000, 0x0000000100000000)
  region size 1024K, 31 young (31744K), 4 survivors (4096K)
 Metaspace       used 79060K, committed 79360K, reserved 1122304K
  class space    used 9119K, committed 9280K, reserved 1048576K
}
Event: 34.643 GC heap after
{Heap after GC invocations=28 (full 0):
 garbage-first heap   total 116736K, used 68348K [0x00000000c1e00000, 0x0000000100000000)
  region size 1024K, 4 young (4096K), 4 survivors (4096K)
 Metaspace       used 79060K, committed 79360K, reserved 1122304K
  class space    used 9119K, committed 9280K, reserved 1048576K
}
Event: 34.655 GC heap before
{Heap before GC invocations=28 (full 0):
 garbage-first heap   total 116736K, used 69372K [0x00000000c1e00000, 0x0000000100000000)
  region size 1024K, 5 young (5120K), 4 survivors (4096K)
 Metaspace       used 79062K, committed 79360K, reserved 1122304K
  class space    used 9119K, committed 9280K, reserved 1048576K
}
Event: 34.688 GC heap after
{Heap after GC invocations=29 (full 0):
 garbage-first heap   total 116736K, used 67768K [0x00000000c1e00000, 0x0000000100000000)
  region size 1024K, 1 young (1024K), 1 survivors (1024K)
 Metaspace       used 79062K, committed 79360K, reserved 1122304K
  class space    used 9119K, committed 9280K, reserved 1048576K
}
Event: 35.773 GC heap before
{Heap before GC invocations=29 (full 0):
 garbage-first heap   total 116736K, used 91320K [0x00000000c1e00000, 0x0000000100000000)
  region size 1024K, 25 young (25600K), 1 survivors (1024K)
 Metaspace       used 82266K, committed 82560K, reserved 1130496K
  class space    used 9447K, committed 9600K, reserved 1048576K
}
Event: 35.782 GC heap after
{Heap after GC invocations=30 (full 0):
 garbage-first heap   total 116736K, used 68110K [0x00000000c1e00000, 0x0000000100000000)
  region size 1024K, 2 young (2048K), 2 survivors (2048K)
 Metaspace       used 82266K, committed 82560K, reserved 1130496K
  class space    used 9447K, committed 9600K, reserved 1048576K
}

