# JRE version: OpenJDK Runtime Environment (17.0.6) (build 17.0.6+0-b2043.56-10027231)
# Java VM: OpenJDK 64-Bit Server VM (17.0.6+0-b2043.56-10027231, mixed mode, tiered, compressed oops, compressed class ptrs, g1 gc, windows-amd64)
GC Precious Log:
 CPUs: 4 total, 4 available
 Memory: 3971M
 Large Page Support: Disabled
 NUMA Support: Disabled
 Compressed Oops: Enabled (32-bit)
 Heap Region Size: 1M
 Heap Min Capacity: 8M
 Heap Initial Capacity: 64M
 Heap Max Capacity: 2G
 Pre-touch: Disabled
 Parallel Workers: 4
 Concurrent Workers: 1
 Concurrent Refinement Workers: 4
 Periodic GC: Disabled
Heap:
 garbage-first heap   total 316416K, used 170266K [0x0000000080000000, 0x0000000100000000)
  region size 1024K, 5 young (5120K), 5 survivors (5120K)
 Metaspace       used 94462K, committed 95296K, reserved 1138688K
  class space    used 12954K, committed 13376K, reserved 1048576K
GC Heap History (20 events):
Event: 20.919 GC heap after
{Heap after GC invocations=32 (full 0):
 garbage-first heap   total 267264K, used 100387K [0x0000000080000000, 0x0000000100000000)
  region size 1024K, 2 young (2048K), 2 survivors (2048K)
 Metaspace       used 71907K, committed 72576K, reserved 1114112K
  class space    used 9557K, committed 9856K, reserved 1048576K
}
Event: 23.073 GC heap before
{Heap before GC invocations=32 (full 0):
 garbage-first heap   total 267264K, used 187427K [0x0000000080000000, 0x0000000100000000)
  region size 1024K, 86 young (88064K), 2 survivors (2048K)
 Metaspace       used 80536K, committed 81152K, reserved 1122304K
  class space    used 10763K, committed 11008K, reserved 1048576K
}
Event: 23.096 GC heap after
{Heap after GC invocations=33 (full 0):
 garbage-first heap   total 267264K, used 107469K [0x0000000080000000, 0x0000000100000000)
  region size 1024K, 9 young (9216K), 9 survivors (9216K)
 Metaspace       used 80536K, committed 81152K, reserved 1122304K
  class space    used 10763K, committed 11008K, reserved 1048576K
}
Event: 25.448 GC heap before
{Heap before GC invocations=33 (full 0):
 garbage-first heap   total 267264K, used 197581K [0x0000000080000000, 0x0000000100000000)
  region size 1024K, 97 young (99328K), 9 survivors (9216K)
 Metaspace       used 88433K, committed 89216K, reserved 1130496K
  class space    used 12090K, committed 12480K, reserved 1048576K
}
Event: 25.470 GC heap after
{Heap after GC invocations=34 (full 0):
 garbage-first heap   total 267264K, used 112785K [0x0000000080000000, 0x0000000100000000)
  region size 1024K, 7 young (7168K), 7 survivors (7168K)
 Metaspace       used 88433K, committed 89216K, reserved 1130496K
  class space    used 12090K, committed 12480K, reserved 1048576K
}
Event: 27.899 GC heap before
{Heap before GC invocations=35 (full 0):
 garbage-first heap   total 267264K, used 228497K [0x0000000080000000, 0x0000000100000000)
  region size 1024K, 95 young (97280K), 7 survivors (7168K)
 Metaspace       used 94433K, committed 95232K, reserved 1138688K
  class space    used 12952K, committed 13376K, reserved 1048576K
}
Event: 27.928 GC heap after
{Heap after GC invocations=36 (full 0):
 garbage-first heap   total 267264K, used 154624K [0x0000000080000000, 0x0000000100000000)
  region size 1024K, 12 young (12288K), 12 survivors (12288K)
 Metaspace       used 94433K, committed 95232K, reserved 1138688K
  class space    used 12952K, committed 13376K, reserved 1048576K
}
Event: 27.933 GC heap before
{Heap before GC invocations=36 (full 0):
 garbage-first heap   total 267264K, used 155648K [0x0000000080000000, 0x0000000100000000)
  region size 1024K, 13 young (13312K), 12 survivors (12288K)
 Metaspace       used 94433K, committed 95232K, reserved 1138688K
  class space    used 12952K, committed 13376K, reserved 1048576K
}
Event: 27.958 GC heap after
{Heap after GC invocations=37 (full 0):
 garbage-first heap   total 267264K, used 156498K [0x0000000080000000, 0x0000000100000000)
  region size 1024K, 2 young (2048K), 2 survivors (2048K)
 Metaspace       used 94433K, committed 95232K, reserved 1138688K
  class space    used 12952K, committed 13376K, reserved 1048576K
}
Event: 28.893 GC heap before
{Heap before GC invocations=37 (full 0):
 garbage-first heap   total 267264K, used 212818K [0x0000000080000000, 0x0000000100000000)
  region size 1024K, 58 young (59392K), 2 survivors (2048K)
 Metaspace       used 94456K, committed 95232K, reserved 1138688K
  class space    used 12953K, committed 13376K, reserved 1048576K
}
Event: 28.912 GC heap after
{Heap after GC invocations=38 (full 0):
 garbage-first heap   total 267264K, used 169536K [0x0000000080000000, 0x0000000100000000)
  region size 1024K, 8 young (8192K), 8 survivors (8192K)
 Metaspace       used 94456K, committed 95232K, reserved 1138688K
  class space    used 12953K, committed 13376K, reserved 1048576K
}
Event: 29.807 GC heap before
{Heap before GC invocations=38 (full 0):
 garbage-first heap   total 267264K, used 214592K [0x0000000080000000, 0x0000000100000000)
  region size 1024K, 52 young (53248K), 8 survivors (8192K)
 Metaspace       used 94458K, committed 95232K, reserved 1138688K
  class space    used 12953K, committed 13376K, reserved 1048576K
}
Event: 29.821 GC heap after
{Heap after GC invocations=39 (full 0):
 garbage-first heap   total 267264K, used 171800K [0x0000000080000000, 0x0000000100000000)
  region size 1024K, 3 young (3072K), 3 survivors (3072K)
 Metaspace       used 94458K, committed 95232K, reserved 1138688K
  class space    used 12953K, committed 13376K, reserved 1048576K
}
Event: 30.561 GC heap before
{Heap before GC invocations=39 (full 0):
 garbage-first heap   total 267264K, used 217880K [0x0000000080000000, 0x0000000100000000)
  region size 1024K, 48 young (49152K), 3 survivors (3072K)
 Metaspace       used 94459K, committed 95232K, reserved 1138688K
  class space    used 12954K, committed 13376K, reserved 1048576K
}
Event: 30.567 GC heap after
{Heap after GC invocations=40 (full 0):
 garbage-first heap   total 267264K, used 172824K [0x0000000080000000, 0x0000000100000000)
  region size 1024K, 4 young (4096K), 4 survivors (4096K)
 Metaspace       used 94459K, committed 95232K, reserved 1138688K
  class space    used 12954K, committed 13376K, reserved 1048576K
}
Event: 31.286 GC heap before
{Heap before GC invocations=41 (full 0):
 garbage-first heap   total 316416K, used 215832K [0x0000000080000000, 0x0000000100000000)
  region size 1024K, 50 young (51200K), 4 survivors (4096K)
 Metaspace       used 94460K, committed 95232K, reserved 1138688K
  class space    used 12954K, committed 13376K, reserved 1048576K
}
Event: 31.306 GC heap after
{Heap after GC invocations=42 (full 0):
 garbage-first heap   total 316416K, used 170021K [0x0000000080000000, 0x0000000100000000)
  region size 1024K, 5 young (5120K), 5 survivors (5120K)
 Metaspace       used 94460K, committed 95232K, reserved 1138688K
  class space    used 12954K, committed 13376K, reserved 1048576K
}
Event: 31.431 GC heap before
{Heap before GC invocations=42 (full 0):
 garbage-first heap   total 316416K, used 180261K [0x0000000080000000, 0x0000000100000000)
  region size 1024K, 15 young (15360K), 5 survivors (5120K)
 Metaspace       used 94460K, committed 95232K, reserved 1138688K
  class space    used 12954K, committed 13376K, reserved 1048576K
}
Event: 31.442 GC heap after
{Heap after GC invocations=43 (full 0):
 garbage-first heap   total 316416K, used 168102K [0x0000000080000000, 0x0000000100000000)
  region size 1024K, 2 young (2048K), 2 survivors (2048K)
 Metaspace       used 94460K, committed 95232K, reserved 1138688K
  class space    used 12954K, committed 13376K, reserved 1048576K
}
Event: 33.551 GC heap before
{Heap before GC invocations=43 (full 0):
 garbage-first heap   total 316416K, used 255142K [0x0000000080000000, 0x0000000100000000)
  region size 1024K, 87 young (89088K), 2 survivors (2048K)
 Metaspace       used 94462K, committed 95296K, reserved 1138688K
  class space    used 12954K, committed 13376K, reserved 1048576K
}

