# JRE version: OpenJDK Runtime Environment (17.0.6) (build 17.0.6+0-b2043.56-10027231)
# Java VM: OpenJDK 64-Bit Server VM (17.0.6+0-b2043.56-10027231, mixed mode, tiered, compressed oops, compressed class ptrs, g1 gc, windows-amd64)
GC Precious Log:
 CPUs: 4 total, 4 available
 Memory: 3971M
 Large Page Support: Disabled
 NUMA Support: Disabled
 Compressed Oops: Enabled (32-bit)
 Heap Region Size: 1M
 Heap Min Capacity: 8M
 Heap Initial Capacity: 64M
 Heap Max Capacity: 994M
 Pre-touch: Disabled
 Parallel Workers: 4
 Concurrent Workers: 1
 Concurrent Refinement Workers: 4
 Periodic GC: Disabled
Heap:
 garbage-first heap   total 65536K, used 35068K [0x00000000c1e00000, 0x0000000100000000)
  region size 1024K, 1 young (1024K), 1 survivors (1024K)
 Metaspace       used 55420K, committed 55744K, reserved 1105920K
  class space    used 6762K, committed 6912K, reserved 1048576K
GC Heap History (20 events):
Event: 7.270 GC heap after
{Heap after GC invocations=11 (full 0):
 garbage-first heap   total 49152K, used 21491K [0x00000000c1e00000, 0x0000000100000000)
  region size 1024K, 2 young (2048K), 2 survivors (2048K)
 Metaspace       used 43880K, committed 44096K, reserved 1089536K
  class space    used 5353K, committed 5440K, reserved 1048576K
}
Event: 7.895 GC heap before
{Heap before GC invocations=11 (full 0):
 garbage-first heap   total 49152K, used 37875K [0x00000000c1e00000, 0x0000000100000000)
  region size 1024K, 17 young (17408K), 2 survivors (2048K)
 Metaspace       used 46572K, committed 46720K, reserved 1097728K
  class space    used 5621K, committed 5696K, reserved 1048576K
}
Event: 7.905 GC heap after
{Heap after GC invocations=12 (full 0):
 garbage-first heap   total 49152K, used 25560K [0x00000000c1e00000, 0x0000000100000000)
  region size 1024K, 3 young (3072K), 3 survivors (3072K)
 Metaspace       used 46572K, committed 46720K, reserved 1097728K
  class space    used 5621K, committed 5696K, reserved 1048576K
}
Event: 8.635 GC heap before
{Heap before GC invocations=12 (full 0):
 garbage-first heap   total 49152K, used 38872K [0x00000000c1e00000, 0x0000000100000000)
  region size 1024K, 16 young (16384K), 3 survivors (3072K)
 Metaspace       used 48746K, committed 48960K, reserved 1097728K
  class space    used 5910K, committed 6016K, reserved 1048576K
}
Event: 8.648 GC heap after
{Heap after GC invocations=13 (full 0):
 garbage-first heap   total 49152K, used 27986K [0x00000000c1e00000, 0x0000000100000000)
  region size 1024K, 2 young (2048K), 2 survivors (2048K)
 Metaspace       used 48746K, committed 48960K, reserved 1097728K
  class space    used 5910K, committed 6016K, reserved 1048576K
}
Event: 9.283 GC heap before
{Heap before GC invocations=14 (full 0):
 garbage-first heap   total 51200K, used 39250K [0x00000000c1e00000, 0x0000000100000000)
  region size 1024K, 12 young (12288K), 2 survivors (2048K)
 Metaspace       used 48860K, committed 49088K, reserved 1097728K
  class space    used 5913K, committed 6016K, reserved 1048576K
}
Event: 9.296 GC heap after
{Heap after GC invocations=15 (full 0):
 garbage-first heap   total 51200K, used 30681K [0x00000000c1e00000, 0x0000000100000000)
  region size 1024K, 2 young (2048K), 2 survivors (2048K)
 Metaspace       used 48860K, committed 49088K, reserved 1097728K
  class space    used 5913K, committed 6016K, reserved 1048576K
}
Event: 9.301 GC heap before
{Heap before GC invocations=15 (full 0):
 garbage-first heap   total 51200K, used 31705K [0x00000000c1e00000, 0x0000000100000000)
  region size 1024K, 3 young (3072K), 2 survivors (2048K)
 Metaspace       used 48863K, committed 49088K, reserved 1097728K
  class space    used 5913K, committed 6016K, reserved 1048576K
}
Event: 9.310 GC heap after
{Heap after GC invocations=16 (full 0):
 garbage-first heap   total 61440K, used 30735K [0x00000000c1e00000, 0x0000000100000000)
  region size 1024K, 1 young (1024K), 1 survivors (1024K)
 Metaspace       used 48863K, committed 49088K, reserved 1097728K
  class space    used 5913K, committed 6016K, reserved 1048576K
}
Event: 9.468 GC heap before
{Heap before GC invocations=16 (full 0):
 garbage-first heap   total 61440K, used 46095K [0x00000000c1e00000, 0x0000000100000000)
  region size 1024K, 16 young (16384K), 1 survivors (1024K)
 Metaspace       used 48964K, committed 49152K, reserved 1097728K
  class space    used 5921K, committed 6016K, reserved 1048576K
}
Event: 9.474 GC heap after
{Heap after GC invocations=17 (full 0):
 garbage-first heap   total 61440K, used 32748K [0x00000000c1e00000, 0x0000000100000000)
  region size 1024K, 2 young (2048K), 2 survivors (2048K)
 Metaspace       used 48964K, committed 49152K, reserved 1097728K
  class space    used 5921K, committed 6016K, reserved 1048576K
}
Event: 9.806 GC heap before
{Heap before GC invocations=18 (full 0):
 garbage-first heap   total 61440K, used 47084K [0x00000000c1e00000, 0x0000000100000000)
  region size 1024K, 16 young (16384K), 2 survivors (2048K)
 Metaspace       used 49855K, committed 50048K, reserved 1097728K
  class space    used 6043K, committed 6144K, reserved 1048576K
}
Event: 9.818 GC heap after
{Heap after GC invocations=19 (full 0):
 garbage-first heap   total 61440K, used 34679K [0x00000000c1e00000, 0x0000000100000000)
  region size 1024K, 2 young (2048K), 2 survivors (2048K)
 Metaspace       used 49855K, committed 50048K, reserved 1097728K
  class space    used 6043K, committed 6144K, reserved 1048576K
}
Event: 9.842 GC heap before
{Heap before GC invocations=19 (full 0):
 garbage-first heap   total 61440K, used 35703K [0x00000000c1e00000, 0x0000000100000000)
  region size 1024K, 3 young (3072K), 2 survivors (2048K)
 Metaspace       used 49928K, committed 50112K, reserved 1097728K
  class space    used 6051K, committed 6144K, reserved 1048576K
}
Event: 9.852 GC heap after
{Heap after GC invocations=20 (full 0):
 garbage-first heap   total 61440K, used 34288K [0x00000000c1e00000, 0x0000000100000000)
  region size 1024K, 1 young (1024K), 1 survivors (1024K)
 Metaspace       used 49928K, committed 50112K, reserved 1097728K
  class space    used 6051K, committed 6144K, reserved 1048576K
}
Event: 10.427 GC heap before
{Heap before GC invocations=20 (full 0):
 garbage-first heap   total 61440K, used 47600K [0x00000000c1e00000, 0x0000000100000000)
  region size 1024K, 14 young (14336K), 1 survivors (1024K)
 Metaspace       used 51986K, committed 52224K, reserved 1097728K
  class space    used 6327K, committed 6400K, reserved 1048576K
}
Event: 10.438 GC heap after
{Heap after GC invocations=21 (full 0):
 garbage-first heap   total 61440K, used 36399K [0x00000000c1e00000, 0x0000000100000000)
  region size 1024K, 2 young (2048K), 2 survivors (2048K)
 Metaspace       used 51986K, committed 52224K, reserved 1097728K
  class space    used 6327K, committed 6400K, reserved 1048576K
}
Event: 10.906 GC heap before
{Heap before GC invocations=22 (full 0):
 garbage-first heap   total 63488K, used 46639K [0x00000000c1e00000, 0x0000000100000000)
  region size 1024K, 14 young (14336K), 2 survivors (2048K)
 Metaspace       used 54930K, committed 55168K, reserved 1105920K
  class space    used 6690K, committed 6784K, reserved 1048576K
}
Event: 10.916 GC heap after
{Heap after GC invocations=23 (full 0):
 garbage-first heap   total 63488K, used 36400K [0x00000000c1e00000, 0x0000000100000000)
  region size 1024K, 1 young (1024K), 1 survivors (1024K)
 Metaspace       used 54930K, committed 55168K, reserved 1105920K
  class space    used 6690K, committed 6784K, reserved 1048576K
}
Event: 11.069 GC heap before
{Heap before GC invocations=23 (full 0):
 garbage-first heap   total 63488K, used 38448K [0x00000000c1e00000, 0x0000000100000000)
  region size 1024K, 3 young (3072K), 1 survivors (1024K)
 Metaspace       used 55420K, committed 55744K, reserved 1105920K
  class space    used 6762K, committed 6912K, reserved 1048576K
}

