# JRE version: OpenJDK Runtime Environment (17.0.6) (build 17.0.6+0-b2043.56-10027231)
# Java VM: OpenJDK 64-Bit Server VM (17.0.6+0-b2043.56-10027231, mixed mode, tiered, compressed oops, compressed class ptrs, g1 gc, windows-amd64)
GC Precious Log:
 CPUs: 4 total, 4 available
 Memory: 3971M
 Large Page Support: Disabled
 NUMA Support: Disabled
 Compressed Oops: Enabled (32-bit)
 Heap Region Size: 1M
 Heap Min Capacity: 8M
 Heap Initial Capacity: 64M
 Heap Max Capacity: 2G
 Pre-touch: Disabled
 Parallel Workers: 4
 Concurrent Workers: 1
 Concurrent Refinement Workers: 4
 Periodic GC: Disabled
Heap:
 garbage-first heap   total 406528K, used 230030K [0x0000000080000000, 0x0000000100000000)
  region size 1024K, 64 young (65536K), 20 survivors (20480K)
 Metaspace       used 106647K, committed 107456K, reserved 1146880K
  class space    used 14456K, committed 14848K, reserved 1048576K
GC Heap History (20 events):
Event: 46.476 GC heap before
{Heap before GC invocations=46 (full 0):
 garbage-first heap   total 198656K, used 144871K [0x0000000080000000, 0x0000000100000000)
  region size 1024K, 9 young (9216K), 5 survivors (5120K)
 Metaspace       used 90896K, committed 91712K, reserved 1130496K
  class space    used 12414K, committed 12800K, reserved 1048576K
}
Event: 46.487 GC heap after
{Heap after GC invocations=47 (full 0):
 garbage-first heap   total 198656K, used 139972K [0x0000000080000000, 0x0000000100000000)
  region size 1024K, 1 young (1024K), 1 survivors (1024K)
 Metaspace       used 90896K, committed 91712K, reserved 1130496K
  class space    used 12414K, committed 12800K, reserved 1048576K
}
Event: 47.414 GC heap before
{Heap before GC invocations=47 (full 0):
 garbage-first heap   total 198656K, used 166596K [0x0000000080000000, 0x0000000100000000)
  region size 1024K, 27 young (27648K), 1 survivors (1024K)
 Metaspace       used 93245K, committed 94016K, reserved 1130496K
  class space    used 12771K, committed 13120K, reserved 1048576K
}
Event: 47.422 GC heap after
{Heap after GC invocations=48 (full 0):
 garbage-first heap   total 198656K, used 142735K [0x0000000080000000, 0x0000000100000000)
  region size 1024K, 4 young (4096K), 4 survivors (4096K)
 Metaspace       used 93245K, committed 94016K, reserved 1130496K
  class space    used 12771K, committed 13120K, reserved 1048576K
}
Event: 48.300 GC heap before
{Heap before GC invocations=48 (full 0):
 garbage-first heap   total 198656K, used 166287K [0x0000000080000000, 0x0000000100000000)
  region size 1024K, 28 young (28672K), 4 survivors (4096K)
 Metaspace       used 94239K, committed 94976K, reserved 1130496K
  class space    used 12889K, committed 13248K, reserved 1048576K
}
Event: 48.310 GC heap after
{Heap after GC invocations=49 (full 0):
 garbage-first heap   total 198656K, used 144541K [0x0000000080000000, 0x0000000100000000)
  region size 1024K, 2 young (2048K), 2 survivors (2048K)
 Metaspace       used 94239K, committed 94976K, reserved 1130496K
  class space    used 12889K, committed 13248K, reserved 1048576K
}
Event: 48.440 GC heap before
{Heap before GC invocations=49 (full 0):
 garbage-first heap   total 198656K, used 147613K [0x0000000080000000, 0x0000000100000000)
  region size 1024K, 6 young (6144K), 2 survivors (2048K)
 Metaspace       used 94617K, committed 95360K, reserved 1138688K
  class space    used 12950K, committed 13312K, reserved 1048576K
}
Event: 48.445 GC heap after
{Heap after GC invocations=50 (full 0):
 garbage-first heap   total 198656K, used 144666K [0x0000000080000000, 0x0000000100000000)
  region size 1024K, 2 young (2048K), 2 survivors (2048K)
 Metaspace       used 94617K, committed 95360K, reserved 1138688K
  class space    used 12950K, committed 13312K, reserved 1048576K
}
Event: 48.754 GC heap before
{Heap before GC invocations=50 (full 0):
 garbage-first heap   total 280576K, used 170266K [0x0000000080000000, 0x0000000100000000)
  region size 1024K, 23 young (23552K), 2 survivors (2048K)
 Metaspace       used 94623K, committed 95360K, reserved 1138688K
  class space    used 12950K, committed 13312K, reserved 1048576K
}
Event: 48.776 GC heap after
{Heap after GC invocations=51 (full 0):
 garbage-first heap   total 406528K, used 156757K [0x0000000080000000, 0x0000000100000000)
  region size 1024K, 3 young (3072K), 3 survivors (3072K)
 Metaspace       used 94623K, committed 95360K, reserved 1138688K
  class space    used 12950K, committed 13312K, reserved 1048576K
}
Event: 53.342 GC heap before
{Heap before GC invocations=52 (full 0):
 garbage-first heap   total 406528K, used 329813K [0x0000000080000000, 0x0000000100000000)
  region size 1024K, 172 young (176128K), 3 survivors (3072K)
 Metaspace       used 94649K, committed 95360K, reserved 1138688K
  class space    used 12952K, committed 13312K, reserved 1048576K
}
Event: 53.373 GC heap after
{Heap after GC invocations=53 (full 0):
 garbage-first heap   total 406528K, used 167257K [0x0000000080000000, 0x0000000100000000)
  region size 1024K, 18 young (18432K), 18 survivors (18432K)
 Metaspace       used 94649K, committed 95360K, reserved 1138688K
  class space    used 12952K, committed 13312K, reserved 1048576K
}
Event: 53.380 GC heap before
{Heap before GC invocations=53 (full 0):
 garbage-first heap   total 406528K, used 168281K [0x0000000080000000, 0x0000000100000000)
  region size 1024K, 19 young (19456K), 18 survivors (18432K)
 Metaspace       used 94649K, committed 95360K, reserved 1138688K
  class space    used 12952K, committed 13312K, reserved 1048576K
}
Event: 53.437 GC heap after
{Heap after GC invocations=54 (full 0):
 garbage-first heap   total 406528K, used 167566K [0x0000000080000000, 0x0000000100000000)
  region size 1024K, 2 young (2048K), 2 survivors (2048K)
 Metaspace       used 94649K, committed 95360K, reserved 1138688K
  class space    used 12952K, committed 13312K, reserved 1048576K
}
Event: 57.383 GC heap before
{Heap before GC invocations=54 (full 0):
 garbage-first heap   total 406528K, used 324238K [0x0000000080000000, 0x0000000100000000)
  region size 1024K, 155 young (158720K), 2 survivors (2048K)
 Metaspace       used 94650K, committed 95360K, reserved 1138688K
  class space    used 12952K, committed 13312K, reserved 1048576K
}
Event: 57.393 GC heap after
{Heap after GC invocations=55 (full 0):
 garbage-first heap   total 406528K, used 171359K [0x0000000080000000, 0x0000000100000000)
  region size 1024K, 6 young (6144K), 6 survivors (6144K)
 Metaspace       used 94650K, committed 95360K, reserved 1138688K
  class space    used 12952K, committed 13312K, reserved 1048576K
}
Event: 59.617 GC heap before
{Heap before GC invocations=55 (full 0):
 garbage-first heap   total 406528K, used 330079K [0x0000000080000000, 0x0000000100000000)
  region size 1024K, 161 young (164864K), 6 survivors (6144K)
 Metaspace       used 94650K, committed 95360K, reserved 1138688K
  class space    used 12952K, committed 13312K, reserved 1048576K
}
Event: 59.631 GC heap after
{Heap after GC invocations=56 (full 0):
 garbage-first heap   total 406528K, used 175242K [0x0000000080000000, 0x0000000100000000)
  region size 1024K, 10 young (10240K), 10 survivors (10240K)
 Metaspace       used 94650K, committed 95360K, reserved 1138688K
  class space    used 12952K, committed 13312K, reserved 1048576K
}
Event: 64.374 GC heap before
{Heap before GC invocations=56 (full 0):
 garbage-first heap   total 406528K, used 351370K [0x0000000080000000, 0x0000000100000000)
  region size 1024K, 166 young (169984K), 10 survivors (10240K)
 Metaspace       used 101660K, committed 102464K, reserved 1138688K
  class space    used 13826K, committed 14208K, reserved 1048576K
}
Event: 64.574 GC heap after
{Heap after GC invocations=57 (full 0):
 garbage-first heap   total 406528K, used 185998K [0x0000000080000000, 0x0000000100000000)
  region size 1024K, 20 young (20480K), 20 survivors (20480K)
 Metaspace       used 101660K, committed 102464K, reserved 1138688K
  class space    used 13826K, committed 14208K, reserved 1048576K
}

