# JRE version: OpenJDK Runtime Environment (17.0.6) (build 17.0.6+0-b2043.56-10027231)
# Java VM: OpenJDK 64-Bit Server VM (17.0.6+0-b2043.56-10027231, mixed mode, tiered, compressed oops, compressed class ptrs, g1 gc, windows-amd64)
GC Precious Log:
 CPUs: 4 total, 4 available
 Memory: 3971M
 Large Page Support: Disabled
 NUMA Support: Disabled
 Compressed Oops: Enabled (32-bit)
 Heap Region Size: 1M
 Heap Min Capacity: 8M
 Heap Initial Capacity: 64M
 Heap Max Capacity: 2G
 Pre-touch: Disabled
 Parallel Workers: 4
 Concurrent Workers: 1
 Concurrent Refinement Workers: 4
 Periodic GC: Disabled
Heap:
 garbage-first heap   total 71680K, used 55636K [0x0000000080000000, 0x0000000100000000)
  region size 1024K, 1 young (1024K), 1 survivors (1024K)
 Metaspace       used 54141K, committed 54592K, reserved 1097728K
  class space    used 7214K, committed 7424K, reserved 1048576K
GC Heap History (20 events):
Event: 19.798 GC heap after
{Heap after GC invocations=13 (full 0):
 garbage-first heap   total 65536K, used 30984K [0x0000000080000000, 0x0000000100000000)
  region size 1024K, 3 young (3072K), 3 survivors (3072K)
 Metaspace       used 43041K, committed 43456K, reserved 1089536K
  class space    used 5642K, committed 5824K, reserved 1048576K
}
Event: 20.822 GC heap before
{Heap before GC invocations=13 (full 0):
 garbage-first heap   total 65536K, used 50440K [0x0000000080000000, 0x0000000100000000)
  region size 1024K, 22 young (22528K), 3 survivors (3072K)
 Metaspace       used 44750K, committed 45184K, reserved 1089536K
  class space    used 5794K, committed 6016K, reserved 1048576K
}
Event: 20.831 GC heap after
{Heap after GC invocations=14 (full 0):
 garbage-first heap   total 65536K, used 32210K [0x0000000080000000, 0x0000000100000000)
  region size 1024K, 2 young (2048K), 2 survivors (2048K)
 Metaspace       used 44750K, committed 45184K, reserved 1089536K
  class space    used 5794K, committed 6016K, reserved 1048576K
}
Event: 22.903 GC heap before
{Heap before GC invocations=14 (full 0):
 garbage-first heap   total 65536K, used 51666K [0x0000000080000000, 0x0000000100000000)
  region size 1024K, 21 young (21504K), 2 survivors (2048K)
 Metaspace       used 47120K, committed 47552K, reserved 1097728K
  class space    used 6200K, committed 6400K, reserved 1048576K
}
Event: 22.910 GC heap after
{Heap after GC invocations=15 (full 0):
 garbage-first heap   total 65536K, used 32798K [0x0000000080000000, 0x0000000100000000)
  region size 1024K, 3 young (3072K), 3 survivors (3072K)
 Metaspace       used 47120K, committed 47552K, reserved 1097728K
  class space    used 6200K, committed 6400K, reserved 1048576K
}
Event: 24.114 GC heap before
{Heap before GC invocations=16 (full 0):
 garbage-first heap   total 65536K, used 50206K [0x0000000080000000, 0x0000000100000000)
  region size 1024K, 21 young (21504K), 3 survivors (3072K)
 Metaspace       used 49649K, committed 50112K, reserved 1097728K
  class space    used 6627K, committed 6848K, reserved 1048576K
}
Event: 24.124 GC heap after
{Heap after GC invocations=17 (full 0):
 garbage-first heap   total 65536K, used 33759K [0x0000000080000000, 0x0000000100000000)
  region size 1024K, 3 young (3072K), 3 survivors (3072K)
 Metaspace       used 49649K, committed 50112K, reserved 1097728K
  class space    used 6627K, committed 6848K, reserved 1048576K
}
Event: 25.564 GC heap before
{Heap before GC invocations=17 (full 0):
 garbage-first heap   total 65536K, used 52191K [0x0000000080000000, 0x0000000100000000)
  region size 1024K, 21 young (21504K), 3 survivors (3072K)
 Metaspace       used 52128K, committed 52544K, reserved 1097728K
  class space    used 6986K, committed 7168K, reserved 1048576K
}
Event: 25.573 GC heap after
{Heap after GC invocations=18 (full 0):
 garbage-first heap   total 65536K, used 33959K [0x0000000080000000, 0x0000000100000000)
  region size 1024K, 2 young (2048K), 2 survivors (2048K)
 Metaspace       used 52128K, committed 52544K, reserved 1097728K
  class space    used 6986K, committed 7168K, reserved 1048576K
}
Event: 27.664 GC heap before
{Heap before GC invocations=19 (full 0):
 garbage-first heap   total 65536K, used 52391K [0x0000000080000000, 0x0000000100000000)
  region size 1024K, 20 young (20480K), 2 survivors (2048K)
 Metaspace       used 53303K, committed 53696K, reserved 1097728K
  class space    used 7127K, committed 7296K, reserved 1048576K
}
Event: 27.674 GC heap after
{Heap after GC invocations=20 (full 0):
 garbage-first heap   total 65536K, used 36255K [0x0000000080000000, 0x0000000100000000)
  region size 1024K, 3 young (3072K), 3 survivors (3072K)
 Metaspace       used 53303K, committed 53696K, reserved 1097728K
  class space    used 7127K, committed 7296K, reserved 1048576K
}
Event: 27.692 GC heap before
{Heap before GC invocations=20 (full 0):
 garbage-first heap   total 65536K, used 37279K [0x0000000080000000, 0x0000000100000000)
  region size 1024K, 4 young (4096K), 3 survivors (3072K)
 Metaspace       used 53309K, committed 53696K, reserved 1097728K
  class space    used 7127K, committed 7296K, reserved 1048576K
}
Event: 27.703 GC heap after
{Heap after GC invocations=21 (full 0):
 garbage-first heap   total 65536K, used 35938K [0x0000000080000000, 0x0000000100000000)
  region size 1024K, 1 young (1024K), 1 survivors (1024K)
 Metaspace       used 53309K, committed 53696K, reserved 1097728K
  class space    used 7127K, committed 7296K, reserved 1048576K
}
Event: 28.382 GC heap before
{Heap before GC invocations=21 (full 0):
 garbage-first heap   total 65536K, used 52322K [0x0000000080000000, 0x0000000100000000)
  region size 1024K, 17 young (17408K), 1 survivors (1024K)
 Metaspace       used 53693K, committed 54144K, reserved 1097728K
  class space    used 7168K, committed 7360K, reserved 1048576K
}
Event: 28.389 GC heap after
{Heap after GC invocations=22 (full 0):
 garbage-first heap   total 65536K, used 38136K [0x0000000080000000, 0x0000000100000000)
  region size 1024K, 3 young (3072K), 3 survivors (3072K)
 Metaspace       used 53693K, committed 54144K, reserved 1097728K
  class space    used 7168K, committed 7360K, reserved 1048576K
}
Event: 28.920 GC heap before
{Heap before GC invocations=23 (full 0):
 garbage-first heap   total 68608K, used 60664K [0x0000000080000000, 0x0000000100000000)
  region size 1024K, 17 young (17408K), 3 survivors (3072K)
 Metaspace       used 53804K, committed 54272K, reserved 1097728K
  class space    used 7175K, committed 7360K, reserved 1048576K
}
Event: 28.930 GC heap after
{Heap after GC invocations=24 (full 0):
 garbage-first heap   total 71680K, used 52907K [0x0000000080000000, 0x0000000100000000)
  region size 1024K, 3 young (3072K), 3 survivors (3072K)
 Metaspace       used 53804K, committed 54272K, reserved 1097728K
  class space    used 7175K, committed 7360K, reserved 1048576K
}
Event: 28.964 GC heap before
{Heap before GC invocations=24 (full 0):
 garbage-first heap   total 71680K, used 54955K [0x0000000080000000, 0x0000000100000000)
  region size 1024K, 4 young (4096K), 3 survivors (3072K)
 Metaspace       used 53804K, committed 54272K, reserved 1097728K
  class space    used 7175K, committed 7360K, reserved 1048576K
}
Event: 28.971 GC heap after
{Heap after GC invocations=25 (full 0):
 garbage-first heap   total 71680K, used 55175K [0x0000000080000000, 0x0000000100000000)
  region size 1024K, 1 young (1024K), 1 survivors (1024K)
 Metaspace       used 53804K, committed 54272K, reserved 1097728K
  class space    used 7175K, committed 7360K, reserved 1048576K
}
Event: 29.337 GC heap before
{Heap before GC invocations=25 (full 0):
 garbage-first heap   total 71680K, used 57223K [0x0000000080000000, 0x0000000100000000)
  region size 1024K, 4 young (4096K), 1 survivors (1024K)
 Metaspace       used 54141K, committed 54592K, reserved 1097728K
  class space    used 7214K, committed 7424K, reserved 1048576K
}

