# JRE version: OpenJDK Runtime Environment (17.0.6) (build 17.0.6+0-b2043.56-10027231)
# Java VM: OpenJDK 64-Bit Server VM (17.0.6+0-b2043.56-10027231, mixed mode, tiered, compressed oops, compressed class ptrs, g1 gc, windows-amd64)
GC Precious Log:
 CPUs: 4 total, 4 available
 Memory: 3971M
 Large Page Support: Disabled
 NUMA Support: Disabled
 Compressed Oops: Enabled (32-bit)
 Heap Region Size: 1M
 Heap Min Capacity: 8M
 Heap Initial Capacity: 64M
 Heap Max Capacity: 994M
 Pre-touch: Disabled
 Parallel Workers: 4
 Concurrent Workers: 1
 Concurrent Refinement Workers: 4
 Periodic GC: Disabled
Heap:
 garbage-first heap   total 59392K, used 37048K [0x00000000c1e00000, 0x0000000100000000)
  region size 1024K, 9 young (9216K), 3 survivors (3072K)
 Metaspace       used 48931K, committed 49216K, reserved 1097728K
  class space    used 5907K, committed 6016K, reserved 1048576K
GC Heap History (20 events):
Event: 3.093 GC heap before
{Heap before GC invocations=4 (full 0):
 garbage-first heap   total 40960K, used 31888K [0x00000000c1e00000, 0x0000000100000000)
  region size 1024K, 27 young (27648K), 5 survivors (5120K)
 Metaspace       used 28785K, committed 28992K, reserved 1081344K
  class space    used 3577K, committed 3648K, reserved 1048576K
}
Event: 3.106 GC heap after
{Heap after GC invocations=5 (full 0):
 garbage-first heap   total 40960K, used 11557K [0x00000000c1e00000, 0x0000000100000000)
  region size 1024K, 4 young (4096K), 4 survivors (4096K)
 Metaspace       used 28785K, committed 28992K, reserved 1081344K
  class space    used 3577K, committed 3648K, reserved 1048576K
}
Event: 3.768 GC heap before
{Heap before GC invocations=5 (full 0):
 garbage-first heap   total 40960K, used 31013K [0x00000000c1e00000, 0x0000000100000000)
  region size 1024K, 21 young (21504K), 4 survivors (4096K)
 Metaspace       used 30397K, committed 30656K, reserved 1081344K
  class space    used 3924K, committed 4032K, reserved 1048576K
}
Event: 3.783 GC heap after
{Heap after GC invocations=6 (full 0):
 garbage-first heap   total 40960K, used 17524K [0x00000000c1e00000, 0x0000000100000000)
  region size 1024K, 3 young (3072K), 3 survivors (3072K)
 Metaspace       used 30397K, committed 30656K, reserved 1081344K
  class space    used 3924K, committed 4032K, reserved 1048576K
}
Event: 4.080 GC heap before
{Heap before GC invocations=6 (full 0):
 garbage-first heap   total 40960K, used 28788K [0x00000000c1e00000, 0x0000000100000000)
  region size 1024K, 15 young (15360K), 3 survivors (3072K)
 Metaspace       used 33688K, committed 33920K, reserved 1081344K
  class space    used 4303K, committed 4416K, reserved 1048576K
}
Event: 4.091 GC heap after
{Heap after GC invocations=7 (full 0):
 garbage-first heap   total 40960K, used 19106K [0x00000000c1e00000, 0x0000000100000000)
  region size 1024K, 2 young (2048K), 2 survivors (2048K)
 Metaspace       used 33688K, committed 33920K, reserved 1081344K
  class space    used 4303K, committed 4416K, reserved 1048576K
}
Event: 4.415 GC heap before
{Heap before GC invocations=7 (full 0):
 garbage-first heap   total 40960K, used 30370K [0x00000000c1e00000, 0x0000000100000000)
  region size 1024K, 13 young (13312K), 2 survivors (2048K)
 Metaspace       used 35746K, committed 35968K, reserved 1081344K
  class space    used 4535K, committed 4672K, reserved 1048576K
}
Event: 4.421 GC heap after
{Heap after GC invocations=8 (full 0):
 garbage-first heap   total 49152K, used 18649K [0x00000000c1e00000, 0x0000000100000000)
  region size 1024K, 2 young (2048K), 2 survivors (2048K)
 Metaspace       used 35746K, committed 35968K, reserved 1081344K
  class space    used 4535K, committed 4672K, reserved 1048576K
}
Event: 4.452 GC heap before
{Heap before GC invocations=8 (full 0):
 garbage-first heap   total 49152K, used 19673K [0x00000000c1e00000, 0x0000000100000000)
  region size 1024K, 4 young (4096K), 2 survivors (2048K)
 Metaspace       used 35978K, committed 36160K, reserved 1081344K
  class space    used 4559K, committed 4672K, reserved 1048576K
}
Event: 4.457 GC heap after
{Heap after GC invocations=9 (full 0):
 garbage-first heap   total 49152K, used 18720K [0x00000000c1e00000, 0x0000000100000000)
  region size 1024K, 2 young (2048K), 2 survivors (2048K)
 Metaspace       used 35978K, committed 36160K, reserved 1081344K
  class space    used 4559K, committed 4672K, reserved 1048576K
}
Event: 4.988 GC heap before
{Heap before GC invocations=10 (full 0):
 garbage-first heap   total 49152K, used 36128K [0x00000000c1e00000, 0x0000000100000000)
  region size 1024K, 20 young (20480K), 2 survivors (2048K)
 Metaspace       used 39847K, committed 40064K, reserved 1089536K
  class space    used 4894K, committed 4992K, reserved 1048576K
}
Event: 4.997 GC heap after
{Heap after GC invocations=11 (full 0):
 garbage-first heap   total 49152K, used 20549K [0x00000000c1e00000, 0x0000000100000000)
  region size 1024K, 3 young (3072K), 3 survivors (3072K)
 Metaspace       used 39847K, committed 40064K, reserved 1089536K
  class space    used 4894K, committed 4992K, reserved 1048576K
}
Event: 5.740 GC heap before
{Heap before GC invocations=11 (full 0):
 garbage-first heap   total 49152K, used 35909K [0x00000000c1e00000, 0x0000000100000000)
  region size 1024K, 19 young (19456K), 3 survivors (3072K)
 Metaspace       used 43821K, committed 44032K, reserved 1089536K
  class space    used 5352K, committed 5440K, reserved 1048576K
}
Event: 5.747 GC heap after
{Heap after GC invocations=12 (full 0):
 garbage-first heap   total 49152K, used 21861K [0x00000000c1e00000, 0x0000000100000000)
  region size 1024K, 2 young (2048K), 2 survivors (2048K)
 Metaspace       used 43821K, committed 44032K, reserved 1089536K
  class space    used 5352K, committed 5440K, reserved 1048576K
}
Event: 6.055 GC heap before
{Heap before GC invocations=12 (full 0):
 garbage-first heap   total 49152K, used 31077K [0x00000000c1e00000, 0x0000000100000000)
  region size 1024K, 12 young (12288K), 2 survivors (2048K)
 Metaspace       used 45521K, committed 45760K, reserved 1089536K
  class space    used 5517K, committed 5632K, reserved 1048576K
}
Event: 6.063 GC heap after
{Heap after GC invocations=13 (full 0):
 garbage-first heap   total 49152K, used 22766K [0x00000000c1e00000, 0x0000000100000000)
  region size 1024K, 3 young (3072K), 3 survivors (3072K)
 Metaspace       used 45521K, committed 45760K, reserved 1089536K
  class space    used 5517K, committed 5632K, reserved 1048576K
}
Event: 6.995 GC heap before
{Heap before GC invocations=13 (full 0):
 garbage-first heap   total 49152K, used 38126K [0x00000000c1e00000, 0x0000000100000000)
  region size 1024K, 17 young (17408K), 3 survivors (3072K)
 Metaspace       used 48309K, committed 48512K, reserved 1097728K
  class space    used 5876K, committed 5952K, reserved 1048576K
}
Event: 7.008 GC heap after
{Heap after GC invocations=14 (full 0):
 garbage-first heap   total 59392K, used 27025K [0x00000000c1e00000, 0x0000000100000000)
  region size 1024K, 3 young (3072K), 3 survivors (3072K)
 Metaspace       used 48309K, committed 48512K, reserved 1097728K
  class space    used 5876K, committed 5952K, reserved 1048576K
}
Event: 8.317 GC heap before
{Heap before GC invocations=14 (full 0):
 garbage-first heap   total 59392K, used 46481K [0x00000000c1e00000, 0x0000000100000000)
  region size 1024K, 21 young (21504K), 3 survivors (3072K)
 Metaspace       used 48890K, committed 49152K, reserved 1097728K
  class space    used 5907K, committed 6016K, reserved 1048576K
}
Event: 8.334 GC heap after
{Heap after GC invocations=15 (full 0):
 garbage-first heap   total 59392K, used 31928K [0x00000000c1e00000, 0x0000000100000000)
  region size 1024K, 3 young (3072K), 3 survivors (3072K)
 Metaspace       used 48890K, committed 49152K, reserved 1097728K
  class space    used 5907K, committed 6016K, reserved 1048576K
}

