# JRE version: OpenJDK Runtime Environment (17.0.6) (build 17.0.6+0-b2043.56-10027231)
# Java VM: OpenJDK 64-Bit Server VM (17.0.6+0-b2043.56-10027231, mixed mode, tiered, compressed oops, compressed class ptrs, g1 gc, windows-amd64)
GC Precious Log:
 CPUs: 4 total, 4 available
 Memory: 3971M
 Large Page Support: Disabled
 NUMA Support: Disabled
 Compressed Oops: Enabled (32-bit)
 Heap Region Size: 1M
 Heap Min Capacity: 8M
 Heap Initial Capacity: 64M
 Heap Max Capacity: 994M
 Pre-touch: Disabled
 Parallel Workers: 4
 Concurrent Workers: 1
 Concurrent Refinement Workers: 4
 Periodic GC: Disabled
Heap:
 garbage-first heap   total 88064K, used 40178K [0x00000000c1e00000, 0x0000000100000000)
  region size 1024K, 13 young (13312K), 3 survivors (3072K)
 Metaspace       used 51061K, committed 51264K, reserved 1097728K
  class space    used 6201K, committed 6272K, reserved 1048576K
GC Heap History (20 events):
Event: 4.102 GC heap before
{Heap before GC invocations=5 (full 0):
 garbage-first heap   total 40960K, used 30973K [0x00000000c1e00000, 0x0000000100000000)
  region size 1024K, 21 young (21504K), 4 survivors (4096K)
 Metaspace       used 30411K, committed 30656K, reserved 1081344K
  class space    used 3931K, committed 4032K, reserved 1048576K
}
Event: 4.125 GC heap after
{Heap after GC invocations=6 (full 0):
 garbage-first heap   total 40960K, used 17651K [0x00000000c1e00000, 0x0000000100000000)
  region size 1024K, 3 young (3072K), 3 survivors (3072K)
 Metaspace       used 30411K, committed 30656K, reserved 1081344K
  class space    used 3931K, committed 4032K, reserved 1048576K
}
Event: 4.555 GC heap before
{Heap before GC invocations=6 (full 0):
 garbage-first heap   total 40960K, used 28915K [0x00000000c1e00000, 0x0000000100000000)
  region size 1024K, 15 young (15360K), 3 survivors (3072K)
 Metaspace       used 33755K, committed 33984K, reserved 1081344K
  class space    used 4306K, committed 4416K, reserved 1048576K
}
Event: 4.573 GC heap after
{Heap after GC invocations=7 (full 0):
 garbage-first heap   total 40960K, used 19386K [0x00000000c1e00000, 0x0000000100000000)
  region size 1024K, 2 young (2048K), 2 survivors (2048K)
 Metaspace       used 33755K, committed 33984K, reserved 1081344K
  class space    used 4306K, committed 4416K, reserved 1048576K
}
Event: 5.157 GC heap before
{Heap before GC invocations=7 (full 0):
 garbage-first heap   total 40960K, used 29626K [0x00000000c1e00000, 0x0000000100000000)
  region size 1024K, 13 young (13312K), 2 survivors (2048K)
 Metaspace       used 35818K, committed 36096K, reserved 1081344K
  class space    used 4541K, committed 4672K, reserved 1048576K
}
Event: 5.162 GC heap after
{Heap after GC invocations=8 (full 0):
 garbage-first heap   total 50176K, used 18316K [0x00000000c1e00000, 0x0000000100000000)
  region size 1024K, 2 young (2048K), 2 survivors (2048K)
 Metaspace       used 35818K, committed 36096K, reserved 1081344K
  class space    used 4541K, committed 4672K, reserved 1048576K
}
Event: 5.167 GC heap before
{Heap before GC invocations=8 (full 0):
 garbage-first heap   total 50176K, used 18316K [0x00000000c1e00000, 0x0000000100000000)
  region size 1024K, 3 young (3072K), 2 survivors (2048K)
 Metaspace       used 35856K, committed 36096K, reserved 1081344K
  class space    used 4543K, committed 4672K, reserved 1048576K
}
Event: 5.171 GC heap after
{Heap after GC invocations=9 (full 0):
 garbage-first heap   total 50176K, used 18263K [0x00000000c1e00000, 0x0000000100000000)
  region size 1024K, 2 young (2048K), 2 survivors (2048K)
 Metaspace       used 35856K, committed 36096K, reserved 1081344K
  class space    used 4543K, committed 4672K, reserved 1048576K
}
Event: 5.736 GC heap before
{Heap before GC invocations=10 (full 0):
 garbage-first heap   total 50176K, used 37719K [0x00000000c1e00000, 0x0000000100000000)
  region size 1024K, 21 young (21504K), 2 survivors (2048K)
 Metaspace       used 39893K, committed 40128K, reserved 1089536K
  class space    used 4900K, committed 4992K, reserved 1048576K
}
Event: 5.746 GC heap after
{Heap after GC invocations=11 (full 0):
 garbage-first heap   total 50176K, used 20206K [0x00000000c1e00000, 0x0000000100000000)
  region size 1024K, 3 young (3072K), 3 survivors (3072K)
 Metaspace       used 39893K, committed 40128K, reserved 1089536K
  class space    used 4900K, committed 4992K, reserved 1048576K
}
Event: 5.771 GC heap before
{Heap before GC invocations=11 (full 0):
 garbage-first heap   total 50176K, used 20206K [0x00000000c1e00000, 0x0000000100000000)
  region size 1024K, 4 young (4096K), 3 survivors (3072K)
 Metaspace       used 40117K, committed 40384K, reserved 1089536K
  class space    used 4924K, committed 5056K, reserved 1048576K
}
Event: 5.778 GC heap after
{Heap after GC invocations=12 (full 0):
 garbage-first heap   total 50176K, used 20135K [0x00000000c1e00000, 0x0000000100000000)
  region size 1024K, 1 young (1024K), 1 survivors (1024K)
 Metaspace       used 40117K, committed 40384K, reserved 1089536K
  class space    used 4924K, committed 5056K, reserved 1048576K
}
Event: 6.486 GC heap before
{Heap before GC invocations=12 (full 0):
 garbage-first heap   total 50176K, used 36519K [0x00000000c1e00000, 0x0000000100000000)
  region size 1024K, 18 young (18432K), 1 survivors (1024K)
 Metaspace       used 44481K, committed 44672K, reserved 1089536K
  class space    used 5408K, committed 5504K, reserved 1048576K
}
Event: 6.495 GC heap after
{Heap after GC invocations=13 (full 0):
 garbage-first heap   total 50176K, used 20932K [0x00000000c1e00000, 0x0000000100000000)
  region size 1024K, 2 young (2048K), 2 survivors (2048K)
 Metaspace       used 44481K, committed 44672K, reserved 1089536K
  class space    used 5408K, committed 5504K, reserved 1048576K
}
Event: 7.082 GC heap before
{Heap before GC invocations=13 (full 0):
 garbage-first heap   total 50176K, used 39364K [0x00000000c1e00000, 0x0000000100000000)
  region size 1024K, 19 young (19456K), 2 survivors (2048K)
 Metaspace       used 47743K, committed 48000K, reserved 1097728K
  class space    used 5793K, committed 5888K, reserved 1048576K
}
Event: 7.090 GC heap after
{Heap after GC invocations=14 (full 0):
 garbage-first heap   total 50176K, used 25126K [0x00000000c1e00000, 0x0000000100000000)
  region size 1024K, 3 young (3072K), 3 survivors (3072K)
 Metaspace       used 47743K, committed 48000K, reserved 1097728K
  class space    used 5793K, committed 5888K, reserved 1048576K
}
Event: 7.482 GC heap before
{Heap before GC invocations=14 (full 0):
 garbage-first heap   total 50176K, used 35366K [0x00000000c1e00000, 0x0000000100000000)
  region size 1024K, 15 young (15360K), 3 survivors (3072K)
 Metaspace       used 48800K, committed 49024K, reserved 1097728K
  class space    used 5913K, committed 6016K, reserved 1048576K
}
Event: 7.497 GC heap after
{Heap after GC invocations=15 (full 0):
 garbage-first heap   total 88064K, used 28077K [0x00000000c1e00000, 0x0000000100000000)
  region size 1024K, 3 young (3072K), 3 survivors (3072K)
 Metaspace       used 48800K, committed 49024K, reserved 1097728K
  class space    used 5913K, committed 6016K, reserved 1048576K
}
Event: 7.993 GC heap before
{Heap before GC invocations=15 (full 0):
 garbage-first heap   total 88064K, used 66989K [0x00000000c1e00000, 0x0000000100000000)
  region size 1024K, 40 young (40960K), 3 survivors (3072K)
 Metaspace       used 49921K, committed 50112K, reserved 1097728K
  class space    used 6043K, committed 6144K, reserved 1048576K
}
Event: 8.005 GC heap after
{Heap after GC invocations=16 (full 0):
 garbage-first heap   total 88064K, used 30962K [0x00000000c1e00000, 0x0000000100000000)
  region size 1024K, 3 young (3072K), 3 survivors (3072K)
 Metaspace       used 49921K, committed 50112K, reserved 1097728K
  class space    used 6043K, committed 6144K, reserved 1048576K
}

