# JRE version: OpenJDK Runtime Environment (17.0.6) (build 17.0.6+0-b2043.56-10027231)
# Java VM: OpenJDK 64-Bit Server VM (17.0.6+0-b2043.56-10027231, mixed mode, tiered, compressed oops, compressed class ptrs, g1 gc, windows-amd64)
GC Precious Log:
 CPUs: 4 total, 4 available
 Memory: 3971M
 Large Page Support: Disabled
 NUMA Support: Disabled
 Compressed Oops: Enabled (32-bit)
 Heap Region Size: 1M
 Heap Min Capacity: 8M
 Heap Initial Capacity: 64M
 Heap Max Capacity: 1G
 Pre-touch: Disabled
 Parallel Workers: 4
 Concurrent Workers: 1
 Concurrent Refinement Workers: 4
 Periodic GC: Disabled
Heap:
 garbage-first heap   total 377856K, used 247355K [0x00000000c0000000, 0x0000000100000000)
  region size 1024K, 61 young (62464K), 8 survivors (8192K)
 Metaspace       used 97110K, committed 97856K, reserved 1138688K
  class space    used 13190K, committed 13568K, reserved 1048576K
GC Heap History (20 events):
Event: 29.734 GC heap before
{Heap before GC invocations=46 (full 0):
 garbage-first heap   total 246784K, used 201892K [0x00000000c0000000, 0x0000000100000000)
  region size 1024K, 45 young (46080K), 1 survivors (1024K)
 Metaspace       used 94502K, committed 95360K, reserved 1138688K
  class space    used 12950K, committed 13376K, reserved 1048576K
}
Event: 29.752 GC heap after
{Heap after GC invocations=47 (full 0):
 garbage-first heap   total 246784K, used 170420K [0x00000000c0000000, 0x0000000100000000)
  region size 1024K, 6 young (6144K), 6 survivors (6144K)
 Metaspace       used 94502K, committed 95360K, reserved 1138688K
  class space    used 12950K, committed 13376K, reserved 1048576K
}
Event: 30.410 GC heap before
{Heap before GC invocations=47 (full 0):
 garbage-first heap   total 246784K, used 202164K [0x00000000c0000000, 0x0000000100000000)
  region size 1024K, 37 young (37888K), 6 survivors (6144K)
 Metaspace       used 94512K, committed 95360K, reserved 1138688K
  class space    used 12951K, committed 13376K, reserved 1048576K
}
Event: 30.421 GC heap after
{Heap after GC invocations=48 (full 0):
 garbage-first heap   total 246784K, used 172113K [0x00000000c0000000, 0x0000000100000000)
  region size 1024K, 3 young (3072K), 3 survivors (3072K)
 Metaspace       used 94512K, committed 95360K, reserved 1138688K
  class space    used 12951K, committed 13376K, reserved 1048576K
}
Event: 30.882 GC heap before
{Heap before GC invocations=48 (full 0):
 garbage-first heap   total 246784K, used 203857K [0x00000000c0000000, 0x0000000100000000)
  region size 1024K, 34 young (34816K), 3 survivors (3072K)
 Metaspace       used 94512K, committed 95360K, reserved 1138688K
  class space    used 12951K, committed 13376K, reserved 1048576K
}
Event: 30.887 GC heap after
{Heap after GC invocations=49 (full 0):
 garbage-first heap   total 246784K, used 172692K [0x00000000c0000000, 0x0000000100000000)
  region size 1024K, 4 young (4096K), 4 survivors (4096K)
 Metaspace       used 94512K, committed 95360K, reserved 1138688K
  class space    used 12951K, committed 13376K, reserved 1048576K
}
Event: 31.454 GC heap before
{Heap before GC invocations=50 (full 0):
 garbage-first heap   total 309248K, used 201364K [0x00000000c0000000, 0x0000000100000000)
  region size 1024K, 36 young (36864K), 4 survivors (4096K)
 Metaspace       used 94513K, committed 95360K, reserved 1138688K
  class space    used 12951K, committed 13376K, reserved 1048576K
}
Event: 31.473 GC heap after
{Heap after GC invocations=51 (full 0):
 garbage-first heap   total 309248K, used 169556K [0x00000000c0000000, 0x0000000100000000)
  region size 1024K, 4 young (4096K), 4 survivors (4096K)
 Metaspace       used 94513K, committed 95360K, reserved 1138688K
  class space    used 12951K, committed 13376K, reserved 1048576K
}
Event: 31.636 GC heap before
{Heap before GC invocations=51 (full 0):
 garbage-first heap   total 309248K, used 180820K [0x00000000c0000000, 0x0000000100000000)
  region size 1024K, 15 young (15360K), 4 survivors (4096K)
 Metaspace       used 94513K, committed 95360K, reserved 1138688K
  class space    used 12951K, committed 13376K, reserved 1048576K
}
Event: 31.660 GC heap after
{Heap after GC invocations=52 (full 0):
 garbage-first heap   total 309248K, used 167275K [0x00000000c0000000, 0x0000000100000000)
  region size 1024K, 2 young (2048K), 2 survivors (2048K)
 Metaspace       used 94513K, committed 95360K, reserved 1138688K
  class space    used 12951K, committed 13376K, reserved 1048576K
}
Event: 33.580 GC heap before
{Heap before GC invocations=52 (full 0):
 garbage-first heap   total 309248K, used 250219K [0x00000000c0000000, 0x0000000100000000)
  region size 1024K, 83 young (84992K), 2 survivors (2048K)
 Metaspace       used 94516K, committed 95360K, reserved 1138688K
  class space    used 12951K, committed 13376K, reserved 1048576K
}
Event: 33.589 GC heap after
{Heap after GC invocations=53 (full 0):
 garbage-first heap   total 309248K, used 169432K [0x00000000c0000000, 0x0000000100000000)
  region size 1024K, 5 young (5120K), 5 survivors (5120K)
 Metaspace       used 94516K, committed 95360K, reserved 1138688K
  class space    used 12951K, committed 13376K, reserved 1048576K
}
Event: 35.209 GC heap before
{Heap before GC invocations=53 (full 0):
 garbage-first heap   total 309248K, used 252376K [0x00000000c0000000, 0x0000000100000000)
  region size 1024K, 86 young (88064K), 5 survivors (5120K)
 Metaspace       used 94517K, committed 95360K, reserved 1138688K
  class space    used 12951K, committed 13376K, reserved 1048576K
}
Event: 35.217 GC heap after
{Heap after GC invocations=54 (full 0):
 garbage-first heap   total 309248K, used 171371K [0x00000000c0000000, 0x0000000100000000)
  region size 1024K, 6 young (6144K), 6 survivors (6144K)
 Metaspace       used 94517K, committed 95360K, reserved 1138688K
  class space    used 12951K, committed 13376K, reserved 1048576K
}
Event: 36.314 GC heap before
{Heap before GC invocations=54 (full 0):
 garbage-first heap   total 309248K, used 256363K [0x00000000c0000000, 0x0000000100000000)
  region size 1024K, 89 young (91136K), 6 survivors (6144K)
 Metaspace       used 94517K, committed 95360K, reserved 1138688K
  class space    used 12951K, committed 13376K, reserved 1048576K
}
Event: 36.323 GC heap after
{Heap after GC invocations=55 (full 0):
 garbage-first heap   total 309248K, used 173419K [0x00000000c0000000, 0x0000000100000000)
  region size 1024K, 8 young (8192K), 8 survivors (8192K)
 Metaspace       used 94517K, committed 95360K, reserved 1138688K
  class space    used 12951K, committed 13376K, reserved 1048576K
}
Event: 37.220 GC heap before
{Heap before GC invocations=55 (full 0):
 garbage-first heap   total 309248K, used 258411K [0x00000000c0000000, 0x0000000100000000)
  region size 1024K, 91 young (93184K), 8 survivors (8192K)
 Metaspace       used 94517K, committed 95360K, reserved 1138688K
  class space    used 12951K, committed 13376K, reserved 1048576K
}
Event: 37.235 GC heap after
{Heap after GC invocations=56 (full 0):
 garbage-first heap   total 309248K, used 175515K [0x00000000c0000000, 0x0000000100000000)
  region size 1024K, 8 young (8192K), 8 survivors (8192K)
 Metaspace       used 94517K, committed 95360K, reserved 1138688K
  class space    used 12951K, committed 13376K, reserved 1048576K
}
Event: 38.284 GC heap before
{Heap before GC invocations=56 (full 0):
 garbage-first heap   total 309248K, used 260507K [0x00000000c0000000, 0x0000000100000000)
  region size 1024K, 91 young (93184K), 8 survivors (8192K)
 Metaspace       used 94517K, committed 95360K, reserved 1138688K
  class space    used 12951K, committed 13376K, reserved 1048576K
}
Event: 38.304 GC heap after
{Heap after GC invocations=57 (full 0):
 garbage-first heap   total 309248K, used 177723K [0x00000000c0000000, 0x0000000100000000)
  region size 1024K, 8 young (8192K), 8 survivors (8192K)
 Metaspace       used 94517K, committed 95360K, reserved 1138688K
  class space    used 12951K, committed 13376K, reserved 1048576K
}

